[debug] [2022-08-07T07:30:03.342Z] ----------------------------------------------------------------------
[debug] [2022-08-07T07:30:03.344Z] Command:       C:\Program Files\nodejs\node.exe C:\Users\ticue\AppData\Roaming\npm\node_modules\firebase-tools\lib\bin\firebase.js init
[debug] [2022-08-07T07:30:03.344Z] CLI Version:   11.4.2
[debug] [2022-08-07T07:30:03.344Z] Platform:      win32
[debug] [2022-08-07T07:30:03.344Z] Node Version:  v18.7.0
[debug] [2022-08-07T07:30:03.345Z] Time:          Sun Aug 07 2022 03:30:03 GMT-0400 (hora de Bolivia)
[debug] [2022-08-07T07:30:03.345Z] ----------------------------------------------------------------------
[debug] 
[debug] [2022-08-07T07:30:03.401Z] > command requires scopes: ["email","openid","https://www.googleapis.com/auth/cloudplatformprojects.readonly","https://www.googleapis.com/auth/firebase","https://www.googleapis.com/auth/cloud-platform"]
[debug] [2022-08-07T07:30:03.402Z] > authorizing via signed-in user (wrds.catto@gmail.com)
[info] 
     ######## #### ########  ######## ########     ###     ######  ########
     ##        ##  ##     ## ##       ##     ##  ##   ##  ##       ##
     ######    ##  ########  ######   ########  #########  ######  ######
     ##        ##  ##    ##  ##       ##     ## ##     ##       ## ##
     ##       #### ##     ## ######## ########  ##     ##  ######  ########

You're about to initialize a Firebase project in this directory:

  C:\Users\ticue\Repositorios\classrooms

Before we get started, keep in mind:

  * You are initializing within an existing Firebase project directory

[info] 
=== Project Setup
[info] 
[info] First, let's associate this project directory with a Firebase project.
[info] You can create multiple project aliases by running firebase use --add, 
[info] but for now we'll just set up a default project.
[info] 
[debug] [2022-08-07T07:30:58.932Z] Using project from CLI flag: yt-classroom-clone
[debug] [2022-08-07T07:30:58.934Z] >>> [apiv2][query] GET https://firebase.googleapis.com/v1beta1/projects/yt-classroom-clone [none]
[debug] [2022-08-07T07:30:59.949Z] <<< [apiv2][status] GET https://firebase.googleapis.com/v1beta1/projects/yt-classroom-clone 403
[debug] [2022-08-07T07:30:59.950Z] <<< [apiv2][body] GET https://firebase.googleapis.com/v1beta1/projects/yt-classroom-clone {"error":{"code":403,"message":"The caller does not have permission","status":"PERMISSION_DENIED"}}
[debug] [2022-08-07T07:30:59.950Z] HTTP Error: 403, The caller does not have permission
[debug] [2022-08-07T07:31:00.164Z] FirebaseError: HTTP Error: 403, The caller does not have permission
    at responseToError (C:\Users\ticue\AppData\Roaming\npm\node_modules\firebase-tools\lib\responseToError.js:49:12)
    at RetryOperation._fn (C:\Users\ticue\AppData\Roaming\npm\node_modules\firebase-tools\lib\apiv2.js:288:77)
    at process.processTicksAndRejections (node:internal/process/task_queues:95:5)
[error] 
[error] Error: Failed to get Firebase project yt-classroom-clone. Please make sure the project exists and your account has permission to access it.
[debug] [2022-08-07T07:32:30.435Z] ----------------------------------------------------------------------
[debug] [2022-08-07T07:32:30.436Z] Command:       C:\Program Files\nodejs\node.exe C:\Users\ticue\AppData\Roaming\npm\node_modules\firebase-tools\lib\bin\firebase.js init
[debug] [2022-08-07T07:32:30.437Z] CLI Version:   11.4.2
[debug] [2022-08-07T07:32:30.437Z] Platform:      win32
[debug] [2022-08-07T07:32:30.437Z] Node Version:  v18.7.0
[debug] [2022-08-07T07:32:30.438Z] Time:          Sun Aug 07 2022 03:32:30 GMT-0400 (hora de Bolivia)
[debug] [2022-08-07T07:32:30.438Z] ----------------------------------------------------------------------
[debug] 
[debug] [2022-08-07T07:32:30.491Z] > command requires scopes: ["email","openid","https://www.googleapis.com/auth/cloudplatformprojects.readonly","https://www.googleapis.com/auth/firebase","https://www.googleapis.com/auth/cloud-platform"]
[debug] [2022-08-07T07:32:30.491Z] > authorizing via signed-in user (wrds.catto@gmail.com)
[info] 
     ######## #### ########  ######## ########     ###     ######  ########
     ##        ##  ##     ## ##       ##     ##  ##   ##  ##       ##
     ######    ##  ########  ######   ########  #########  ######  ######
     ##        ##  ##    ##  ##       ##     ## ##     ##       ## ##
     ##       #### ##     ## ######## ########  ##     ##  ######  ########

You're about to initialize a Firebase project in this directory:

  C:\Users\ticue\Repositorios\classrooms

Before we get started, keep in mind:

  * You are initializing within an existing Firebase project directory

[info] 
=== Project Setup
[info] 
[info] First, let's associate this project directory with a Firebase project.
[info] You can create multiple project aliases by running firebase use --add, 
[info] but for now we'll just set up a default project.
[info] 
[debug] [2022-08-07T07:32:36.725Z] Using project from CLI flag: yt-classroom-clone
[debug] [2022-08-07T07:32:36.727Z] >>> [apiv2][query] GET https://firebase.googleapis.com/v1beta1/projects/yt-classroom-clone [none]
[debug] [2022-08-07T07:32:37.740Z] <<< [apiv2][status] GET https://firebase.googleapis.com/v1beta1/projects/yt-classroom-clone 403
[debug] [2022-08-07T07:32:37.740Z] <<< [apiv2][body] GET https://firebase.googleapis.com/v1beta1/projects/yt-classroom-clone {"error":{"code":403,"message":"The caller does not have permission","status":"PERMISSION_DENIED"}}
[debug] [2022-08-07T07:32:37.741Z] HTTP Error: 403, The caller does not have permission
[debug] [2022-08-07T07:32:37.928Z] FirebaseError: HTTP Error: 403, The caller does not have permission
    at responseToError (C:\Users\ticue\AppData\Roaming\npm\node_modules\firebase-tools\lib\responseToError.js:49:12)
    at RetryOperation._fn (C:\Users\ticue\AppData\Roaming\npm\node_modules\firebase-tools\lib\apiv2.js:288:77)
    at process.processTicksAndRejections (node:internal/process/task_queues:95:5)
[error] 
[error] Error: Failed to get Firebase project yt-classroom-clone. Please make sure the project exists and your account has permission to access it.
[debug] [2022-08-07T07:34:06.057Z] ----------------------------------------------------------------------
[debug] [2022-08-07T07:34:06.059Z] Command:       C:\Program Files\nodejs\node.exe C:\Users\ticue\AppData\Roaming\npm\node_modules\firebase-tools\lib\bin\firebase.js init
[debug] [2022-08-07T07:34:06.059Z] CLI Version:   11.4.2
[debug] [2022-08-07T07:34:06.060Z] Platform:      win32
[debug] [2022-08-07T07:34:06.060Z] Node Version:  v18.7.0
[debug] [2022-08-07T07:34:06.060Z] Time:          Sun Aug 07 2022 03:34:06 GMT-0400 (hora de Bolivia)
[debug] [2022-08-07T07:34:06.060Z] ----------------------------------------------------------------------
[debug] 
[debug] [2022-08-07T07:34:06.113Z] > command requires scopes: ["email","openid","https://www.googleapis.com/auth/cloudplatformprojects.readonly","https://www.googleapis.com/auth/firebase","https://www.googleapis.com/auth/cloud-platform"]
[debug] [2022-08-07T07:34:06.113Z] > authorizing via signed-in user (wrds.catto@gmail.com)
[info] 
     ######## #### ########  ######## ########     ###     ######  ########
     ##        ##  ##     ## ##       ##     ##  ##   ##  ##       ##
     ######    ##  ########  ######   ########  #########  ######  ######
     ##        ##  ##    ##  ##       ##     ## ##     ##       ## ##
     ##       #### ##     ## ######## ########  ##     ##  ######  ########

You're about to initialize a Firebase project in this directory:

  C:\Users\ticue\Repositorios\classrooms

Before we get started, keep in mind:

  * You are initializing within an existing Firebase project directory

[info] 
=== Project Setup
[info] 
[info] First, let's associate this project directory with a Firebase project.
[info] You can create multiple project aliases by running firebase use --add, 
[info] but for now we'll just set up a default project.
[info] 
[debug] [2022-08-07T07:34:10.958Z] Using project from CLI flag: santa-cruz-english
[debug] [2022-08-07T07:34:10.961Z] >>> [apiv2][query] GET https://firebase.googleapis.com/v1beta1/projects/santa-cruz-english [none]
[debug] [2022-08-07T07:34:11.957Z] <<< [apiv2][status] GET https://firebase.googleapis.com/v1beta1/projects/santa-cruz-english 200
[debug] [2022-08-07T07:34:11.957Z] <<< [apiv2][body] GET https://firebase.googleapis.com/v1beta1/projects/santa-cruz-english {"projectId":"santa-cruz-english","projectNumber":"254059794715","displayName":"Santa Cruz English","name":"projects/santa-cruz-english","resources":{"hostingSite":"santa-cruz-english"},"state":"ACTIVE","etag":"1_ecdd8e93-a769-4bc5-8982-e06b3e0ba24f"}
[info] i  Using project santa-cruz-english (Santa Cruz English) 
[info] 
=== Hosting Setup
[info] 
[info] Your public directory is the folder (relative to your project directory) that
[info] will contain Hosting assets to be uploaded with firebase deploy. If you
[info] have a build process for your assets, use your build's output directory.
[info] 
[info] +  Wrote public/404.html 
[debug] [2022-08-07T07:34:28.753Z] >>> [apiv2][query] GET https://www.gstatic.com/firebasejs/releases.json [none]
[debug] [2022-08-07T07:34:30.119Z] <<< [apiv2][status] GET https://www.gstatic.com/firebasejs/releases.json 200
[debug] [2022-08-07T07:34:30.119Z] <<< [apiv2][body] GET https://www.gstatic.com/firebasejs/releases.json {"current":{"version":"9.9.2","browserURL":"https://www.gstatic.com/firebasejs/9.9.2/firebase.js","packageURL":"https://www.gstatic.com/firebasejs/9.9.2/firebase.tgz"},"live":{"version":"9.9","browserURL":"https://www.gstatic.com/firebasejs/live/9.9/firebase.js","packageURL":"https://www.gstatic.com/firebasejs/live/9.9/firebase.tgz"},"components":{"analytics":"https://www.gstatic.com/firebasejs/9.9.2/firebase-analytics.js","app":"https://www.gstatic.com/firebasejs/9.9.2/firebase-app.js","app-check":"https://www.gstatic.com/firebasejs/9.9.2/firebase-app-check.js","auth":"https://www.gstatic.com/firebasejs/9.9.2/firebase-auth.js","auth/cordova":"https://www.gstatic.com/firebasejs/9.9.2/firebase-auth/cordova.js","auth/react-native":"https://www.gstatic.com/firebasejs/9.9.2/firebase-auth/react-native.js","functions":"https://www.gstatic.com/firebasejs/9.9.2/firebase-functions.js","firestore":"https://www.gstatic.com/firebasejs/9.9.2/firebase-firestore.js","firestore/lite":"https://www.gstatic.com/firebasejs/9.9.2/firebase-firestore/lite.js","installations":"https://www.gstatic.com/firebasejs/9.9.2/firebase-installations.js","storage":"https://www.gstatic.com/firebasejs/9.9.2/firebase-storage.js","performance":"https://www.gstatic.com/firebasejs/9.9.2/firebase-performance.js","remote-config":"https://www.gstatic.com/firebasejs/9.9.2/firebase-remote-config.js","messaging":"https://www.gstatic.com/firebasejs/9.9.2/firebase-messaging.js","messaging/sw":"https://www.gstatic.com/firebasejs/9.9.2/firebase-messaging/sw.js","database":"https://www.gstatic.com/firebasejs/9.9.2/firebase-database.js","firestore.memory":"https://www.gstatic.com/firebasejs/9.9.2/firebase-firestore.memory.js"}}
[info] +  Wrote public/index.html 
[info] 
[info] i  Detected a .git folder at C:\Users\ticue\Repositorios\classrooms 
[info] i  Authorizing with GitHub to upload your service account to a GitHub repository's secrets store. 
[info] 
[info] Visit this URL on this device to log in:
[info] https://github.com/login/oauth/authorize?client_id=89cf50f02ac6aaed3484&state=22084360&redirect_uri=http%3A%2F%2Flocalhost%3A9005&scope=read%3Auser%20repo%20public_repo
[info] 
[info] Waiting for authentication...
[debug] [2022-08-07T07:34:44.690Z] >>> [apiv2][query] POST https://github.com/login/oauth/access_token [none]
[debug] [2022-08-07T07:34:44.691Z] >>> [apiv2][body] POST https://github.com/login/oauth/access_token [stream]
[debug] [2022-08-07T07:34:45.312Z] <<< [apiv2][status] POST https://github.com/login/oauth/access_token 200
[debug] [2022-08-07T07:34:45.312Z] <<< [apiv2][body] POST https://github.com/login/oauth/access_token {"access_token":"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","token_type":"bearer","scope":"read:user,repo"}
[debug] [2022-08-07T07:34:45.320Z] >>> [apiv2][query] GET https://api.github.com/user [none]
[debug] [2022-08-07T07:34:45.942Z] <<< [apiv2][status] GET https://api.github.com/user 200
[debug] [2022-08-07T07:34:45.942Z] <<< [apiv2][body] GET https://api.github.com/user {"login":"cattobaby","id":89213345,"node_id":"MDQ6VXNlcjg5MjEzMzQ1","avatar_url":"https://avatars.githubusercontent.com/u/89213345?v=4","gravatar_id":"","url":"https://api.github.com/users/cattobaby","html_url":"https://github.com/cattobaby","followers_url":"https://api.github.com/users/cattobaby/followers","following_url":"https://api.github.com/users/cattobaby/following{/other_user}","gists_url":"https://api.github.com/users/cattobaby/gists{/gist_id}","starred_url":"https://api.github.com/users/cattobaby/starred{/owner}{/repo}","subscriptions_url":"https://api.github.com/users/cattobaby/subscriptions","organizations_url":"https://api.github.com/users/cattobaby/orgs","repos_url":"https://api.github.com/users/cattobaby/repos","events_url":"https://api.github.com/users/cattobaby/events{/privacy}","received_events_url":"https://api.github.com/users/cattobaby/received_events","type":"User","site_admin":false,"name":"Willman R. Durán Saldías","company":"TMSC Ltda.","blog":"","location":"Bolivia","email":"wrds.catto@gmail.com","hireable":null,"bio":"workaholic kid. i like being around positive people.","twitter_username":"cattoatomico","public_repos":10,"public_gists":0,"followers":2,"following":2,"created_at":"2021-08-19T16:30:12Z","updated_at":"2022-07-18T06:54:20Z","private_gists":0,"total_private_repos":7,"owned_private_repos":7,"disk_usage":6671,"collaborators":0,"two_factor_authentication":false,"plan":{"name":"free","space":976562499,"collaborators":0,"private_repos":10000}}
[info] 
[info] +  Success! Logged into GitHub as cattobaby 
[info] 
